1  	LOAD_A #14
            0  00000000000101000000000000001110     =$0014000E
2  debut		LOAD_B #1
            1  00000000000100100000000000000001     =$00120001
3  	AND_B_A
            2  00000000110110100000000000000000     =$00DA0000
4  	JMPZ pair
            3  00001000000000000000000000001001     =$08000009
5  	LOAD_B #3
            4  00000000000100100000000000000011     =$00120003
6  	MUL_B_A
            5  00000000100010100000000000000000     =$008A0000
7  	INC_B
            6  00000000001100100000000000000000     =$00320000
8  	LOAD_A_B
            7  00000000001001000000000000000000     =$00240000
9  	JMP debut
            8  00000000000000010000000000000001     =$00010001
10  pair		LOAD_B_A
            9  00000000000110100000000000000000     =$001A0000
11  	DIV_B #2
            A  00000000100100100000000000000010     =$00920002
12  	LOAD_A_B
            B  00000000001001000000000000000000     =$00240000
13  	JMP debut            C  00000000000000010000000000000001     =$00010001
